Determining if the function crc32c_value exists in the crc32c failed with the following output:
Change Dir: /home/jeff-wang/LSM-tuning/comparedDBs/leveldb/build_release_f_10_C0_100/CMakeFiles/CMakeTmp

Run Build Command(s):/usr/bin/gmake -f Makefile cmTC_e9109/fast && /usr/bin/gmake  -f CMakeFiles/cmTC_e9109.dir/build.make CMakeFiles/cmTC_e9109.dir/build
gmake[1]: Entering directory '/home/jeff-wang/LSM-tuning/comparedDBs/leveldb/build_release_f_10_C0_100/CMakeFiles/CMakeTmp'
Building C object CMakeFiles/cmTC_e9109.dir/CheckFunctionExists.c.o
/usr/bin/cc   -DCHECK_FUNCTION_EXISTS=crc32c_value -std=c11 -o CMakeFiles/cmTC_e9109.dir/CheckFunctionExists.c.o -c /usr/share/cmake-3.22/Modules/CheckFunctionExists.c
Linking C executable cmTC_e9109
/usr/bin/cmake -E cmake_link_script CMakeFiles/cmTC_e9109.dir/link.txt --verbose=1
/usr/bin/cc  -DCHECK_FUNCTION_EXISTS=crc32c_value CMakeFiles/cmTC_e9109.dir/CheckFunctionExists.c.o -o cmTC_e9109  -lcrc32c 
/usr/bin/ld: cannot find -lcrc32c: No such file or directory
collect2: error: ld returned 1 exit status
gmake[1]: *** [CMakeFiles/cmTC_e9109.dir/build.make:99: cmTC_e9109] Error 1
gmake[1]: Leaving directory '/home/jeff-wang/LSM-tuning/comparedDBs/leveldb/build_release_f_10_C0_100/CMakeFiles/CMakeTmp'
gmake: *** [Makefile:127: cmTC_e9109/fast] Error 2



Determining if the function zstd_compress exists in the zstd failed with the following output:
Change Dir: /home/jeff-wang/LSM-tuning/comparedDBs/leveldb/build_release_f_10_C0_100/CMakeFiles/CMakeTmp

Run Build Command(s):/usr/bin/gmake -f Makefile cmTC_221a3/fast && /usr/bin/gmake  -f CMakeFiles/cmTC_221a3.dir/build.make CMakeFiles/cmTC_221a3.dir/build
gmake[1]: Entering directory '/home/jeff-wang/LSM-tuning/comparedDBs/leveldb/build_release_f_10_C0_100/CMakeFiles/CMakeTmp'
Building C object CMakeFiles/cmTC_221a3.dir/CheckFunctionExists.c.o
/usr/bin/cc   -DCHECK_FUNCTION_EXISTS=zstd_compress -std=c11 -o CMakeFiles/cmTC_221a3.dir/CheckFunctionExists.c.o -c /usr/share/cmake-3.22/Modules/CheckFunctionExists.c
Linking C executable cmTC_221a3
/usr/bin/cmake -E cmake_link_script CMakeFiles/cmTC_221a3.dir/link.txt --verbose=1
/usr/bin/cc  -DCHECK_FUNCTION_EXISTS=zstd_compress CMakeFiles/cmTC_221a3.dir/CheckFunctionExists.c.o -o cmTC_221a3  -lzstd 
/usr/bin/ld: cannot find -lzstd: No such file or directory
collect2: error: ld returned 1 exit status
gmake[1]: *** [CMakeFiles/cmTC_221a3.dir/build.make:99: cmTC_221a3] Error 1
gmake[1]: Leaving directory '/home/jeff-wang/LSM-tuning/comparedDBs/leveldb/build_release_f_10_C0_100/CMakeFiles/CMakeTmp'
gmake: *** [Makefile:127: cmTC_221a3/fast] Error 2



Determining if the function malloc exists in the tcmalloc failed with the following output:
Change Dir: /home/jeff-wang/LSM-tuning/comparedDBs/leveldb/build_release_f_10_C0_100/CMakeFiles/CMakeTmp

Run Build Command(s):/usr/bin/gmake -f Makefile cmTC_3415a/fast && /usr/bin/gmake  -f CMakeFiles/cmTC_3415a.dir/build.make CMakeFiles/cmTC_3415a.dir/build
gmake[1]: Entering directory '/home/jeff-wang/LSM-tuning/comparedDBs/leveldb/build_release_f_10_C0_100/CMakeFiles/CMakeTmp'
Building C object CMakeFiles/cmTC_3415a.dir/CheckFunctionExists.c.o
/usr/bin/cc   -DCHECK_FUNCTION_EXISTS=malloc -std=c11 -o CMakeFiles/cmTC_3415a.dir/CheckFunctionExists.c.o -c /usr/share/cmake-3.22/Modules/CheckFunctionExists.c
<command-line>: warning: conflicting types for built-in function ‘malloc’; expected ‘void *(long unsigned int)’ [-Wbuiltin-declaration-mismatch]
/usr/share/cmake-3.22/Modules/CheckFunctionExists.c:7:3: note: in expansion of macro ‘CHECK_FUNCTION_EXISTS’
    7 |   CHECK_FUNCTION_EXISTS(void);
      |   ^~~~~~~~~~~~~~~~~~~~~
/usr/share/cmake-3.22/Modules/CheckFunctionExists.c:1:1: note: ‘malloc’ is declared in header ‘<stdlib.h>’
  +++ |+#include <stdlib.h>
    1 | #ifdef CHECK_FUNCTION_EXISTS
Linking C executable cmTC_3415a
/usr/bin/cmake -E cmake_link_script CMakeFiles/cmTC_3415a.dir/link.txt --verbose=1
/usr/bin/cc  -DCHECK_FUNCTION_EXISTS=malloc CMakeFiles/cmTC_3415a.dir/CheckFunctionExists.c.o -o cmTC_3415a  -ltcmalloc 
/usr/bin/ld: cannot find -ltcmalloc: No such file or directory
collect2: error: ld returned 1 exit status
gmake[1]: *** [CMakeFiles/cmTC_3415a.dir/build.make:99: cmTC_3415a] Error 1
gmake[1]: Leaving directory '/home/jeff-wang/LSM-tuning/comparedDBs/leveldb/build_release_f_10_C0_100/CMakeFiles/CMakeTmp'
gmake: *** [Makefile:127: cmTC_3415a/fast] Error 2



Determining if the F_FULLFSYNC exist failed with the following output:
Change Dir: /home/jeff-wang/LSM-tuning/comparedDBs/leveldb/build_release_f_10_C0_100/CMakeFiles/CMakeTmp

Run Build Command(s):/usr/bin/gmake -f Makefile cmTC_87714/fast && /usr/bin/gmake  -f CMakeFiles/cmTC_87714.dir/build.make CMakeFiles/cmTC_87714.dir/build
gmake[1]: Entering directory '/home/jeff-wang/LSM-tuning/comparedDBs/leveldb/build_release_f_10_C0_100/CMakeFiles/CMakeTmp'
Building CXX object CMakeFiles/cmTC_87714.dir/CheckSymbolExists.cxx.o
/usr/bin/c++   -std=c++11 -o CMakeFiles/cmTC_87714.dir/CheckSymbolExists.cxx.o -c /home/jeff-wang/LSM-tuning/comparedDBs/leveldb/build_release_f_10_C0_100/CMakeFiles/CMakeTmp/CheckSymbolExists.cxx
/home/jeff-wang/LSM-tuning/comparedDBs/leveldb/build_release_f_10_C0_100/CMakeFiles/CMakeTmp/CheckSymbolExists.cxx: In function ‘int main(int, char**)’:
/home/jeff-wang/LSM-tuning/comparedDBs/leveldb/build_release_f_10_C0_100/CMakeFiles/CMakeTmp/CheckSymbolExists.cxx:8:19: error: ‘F_FULLFSYNC’ was not declared in this scope
    8 |   return ((int*)(&F_FULLFSYNC))[argc];
      |                   ^~~~~~~~~~~
gmake[1]: *** [CMakeFiles/cmTC_87714.dir/build.make:78: CMakeFiles/cmTC_87714.dir/CheckSymbolExists.cxx.o] Error 1
gmake[1]: Leaving directory '/home/jeff-wang/LSM-tuning/comparedDBs/leveldb/build_release_f_10_C0_100/CMakeFiles/CMakeTmp'
gmake: *** [Makefile:127: cmTC_87714/fast] Error 2


File /home/jeff-wang/LSM-tuning/comparedDBs/leveldb/build_release_f_10_C0_100/CMakeFiles/CMakeTmp/CheckSymbolExists.cxx:
/* */
#include <fcntl.h>

int main(int argc, char** argv)
{
  (void)argv;
#ifndef F_FULLFSYNC
  return ((int*)(&F_FULLFSYNC))[argc];
#else
  (void)argc;
  return 0;
#endif
}
Performing C++ SOURCE FILE Test HAVE_CLANG_THREAD_SAFETY failed with the following output:
Change Dir: /home/jeff-wang/LSM-tuning/comparedDBs/leveldb/build_release_f_10_C0_100/CMakeFiles/CMakeTmp

Run Build Command(s):/usr/bin/gmake -f Makefile cmTC_66586/fast && /usr/bin/gmake  -f CMakeFiles/cmTC_66586.dir/build.make CMakeFiles/cmTC_66586.dir/build
gmake[1]: Entering directory '/home/jeff-wang/LSM-tuning/comparedDBs/leveldb/build_release_f_10_C0_100/CMakeFiles/CMakeTmp'
Building CXX object CMakeFiles/cmTC_66586.dir/src.cxx.o
/usr/bin/c++ -DHAVE_CLANG_THREAD_SAFETY  -fno-exceptions -fno-rtti    -Wthread-safety -std=c++11 -o CMakeFiles/cmTC_66586.dir/src.cxx.o -c /home/jeff-wang/LSM-tuning/comparedDBs/leveldb/build_release_f_10_C0_100/CMakeFiles/CMakeTmp/src.cxx
c++: error: unrecognized command-line option '-Wthread-safety'
gmake[1]: *** [CMakeFiles/cmTC_66586.dir/build.make:78: CMakeFiles/cmTC_66586.dir/src.cxx.o] Error 1
gmake[1]: Leaving directory '/home/jeff-wang/LSM-tuning/comparedDBs/leveldb/build_release_f_10_C0_100/CMakeFiles/CMakeTmp'
gmake: *** [Makefile:127: cmTC_66586/fast] Error 2


Source file was:
int main() { return 0; }
Performing C++ SOURCE FILE Test HAVE_CXX_FLAG_WSHORTEN_64_TO_32 failed with the following output:
Change Dir: /home/jeff-wang/LSM-tuning/comparedDBs/leveldb/build_release_f_10_C0_100/CMakeFiles/CMakeTmp

Run Build Command(s):/usr/bin/gmake -f Makefile cmTC_c69b5/fast && /usr/bin/gmake  -f CMakeFiles/cmTC_c69b5.dir/build.make CMakeFiles/cmTC_c69b5.dir/build
gmake[1]: Entering directory '/home/jeff-wang/LSM-tuning/comparedDBs/leveldb/build_release_f_10_C0_100/CMakeFiles/CMakeTmp'
Building CXX object CMakeFiles/cmTC_c69b5.dir/src.cxx.o
/usr/bin/c++ -DHAVE_CXX_FLAG_WSHORTEN_64_TO_32  -fno-exceptions -fno-rtti  -Wall  -Wextra  -Wshadow  -Wfloat-equal  -Werror  -Wsuggest-override  -pedantic  -pedantic-errors  -Wshorten-64-to-32   -Wshorten-64-to-32 -std=c++11 -o CMakeFiles/cmTC_c69b5.dir/src.cxx.o -c /home/jeff-wang/LSM-tuning/comparedDBs/leveldb/build_release_f_10_C0_100/CMakeFiles/CMakeTmp/src.cxx
c++: error: unrecognized command-line option '-Wshorten-64-to-32'
c++: error: unrecognized command-line option '-Wshorten-64-to-32'
gmake[1]: *** [CMakeFiles/cmTC_c69b5.dir/build.make:78: CMakeFiles/cmTC_c69b5.dir/src.cxx.o] Error 1
gmake[1]: Leaving directory '/home/jeff-wang/LSM-tuning/comparedDBs/leveldb/build_release_f_10_C0_100/CMakeFiles/CMakeTmp'
gmake: *** [Makefile:127: cmTC_c69b5/fast] Error 2


Source file was:
int main() { return 0; }
Performing C++ SOURCE FILE Test HAVE_CXX_FLAG_WD654 failed with the following output:
Change Dir: /home/jeff-wang/LSM-tuning/comparedDBs/leveldb/build_release_f_10_C0_100/CMakeFiles/CMakeTmp

Run Build Command(s):/usr/bin/gmake -f Makefile cmTC_7fb92/fast && /usr/bin/gmake  -f CMakeFiles/cmTC_7fb92.dir/build.make CMakeFiles/cmTC_7fb92.dir/build
gmake[1]: Entering directory '/home/jeff-wang/LSM-tuning/comparedDBs/leveldb/build_release_f_10_C0_100/CMakeFiles/CMakeTmp'
Building CXX object CMakeFiles/cmTC_7fb92.dir/src.cxx.o
/usr/bin/c++ -DHAVE_CXX_FLAG_WD654  -fno-exceptions -fno-rtti  -Wall  -Wextra  -Wshadow  -Wfloat-equal  -Werror  -Wsuggest-override  -pedantic  -pedantic-errors  -fstrict-aliasing  -Wno-deprecated-declarations  -Wno-deprecated  -fno-exceptions  -Wstrict-aliasing  -wd654   -wd654 -std=c++11 -o CMakeFiles/cmTC_7fb92.dir/src.cxx.o -c /home/jeff-wang/LSM-tuning/comparedDBs/leveldb/build_release_f_10_C0_100/CMakeFiles/CMakeTmp/src.cxx
c++: error: unrecognized command-line option '-wd654'
c++: error: unrecognized command-line option '-wd654'
gmake[1]: *** [CMakeFiles/cmTC_7fb92.dir/build.make:78: CMakeFiles/cmTC_7fb92.dir/src.cxx.o] Error 1
gmake[1]: Leaving directory '/home/jeff-wang/LSM-tuning/comparedDBs/leveldb/build_release_f_10_C0_100/CMakeFiles/CMakeTmp'
gmake: *** [Makefile:127: cmTC_7fb92/fast] Error 2


Source file was:
int main() { return 0; }
Performing C++ SOURCE FILE Test HAVE_CXX_FLAG_WTHREAD_SAFETY failed with the following output:
Change Dir: /home/jeff-wang/LSM-tuning/comparedDBs/leveldb/build_release_f_10_C0_100/CMakeFiles/CMakeTmp

Run Build Command(s):/usr/bin/gmake -f Makefile cmTC_dddb7/fast && /usr/bin/gmake  -f CMakeFiles/cmTC_dddb7.dir/build.make CMakeFiles/cmTC_dddb7.dir/build
gmake[1]: Entering directory '/home/jeff-wang/LSM-tuning/comparedDBs/leveldb/build_release_f_10_C0_100/CMakeFiles/CMakeTmp'
Building CXX object CMakeFiles/cmTC_dddb7.dir/src.cxx.o
/usr/bin/c++ -DHAVE_CXX_FLAG_WTHREAD_SAFETY  -fno-exceptions -fno-rtti  -Wall  -Wextra  -Wshadow  -Wfloat-equal  -Werror  -Wsuggest-override  -pedantic  -pedantic-errors  -fstrict-aliasing  -Wno-deprecated-declarations  -Wno-deprecated  -fno-exceptions  -Wstrict-aliasing  -Wthread-safety   -Wthread-safety -std=c++11 -o CMakeFiles/cmTC_dddb7.dir/src.cxx.o -c /home/jeff-wang/LSM-tuning/comparedDBs/leveldb/build_release_f_10_C0_100/CMakeFiles/CMakeTmp/src.cxx
c++: error: unrecognized command-line option '-Wthread-safety'
c++: error: unrecognized command-line option '-Wthread-safety'
gmake[1]: *** [CMakeFiles/cmTC_dddb7.dir/build.make:78: CMakeFiles/cmTC_dddb7.dir/src.cxx.o] Error 1
gmake[1]: Leaving directory '/home/jeff-wang/LSM-tuning/comparedDBs/leveldb/build_release_f_10_C0_100/CMakeFiles/CMakeTmp'
gmake: *** [Makefile:127: cmTC_dddb7/fast] Error 2


Source file was:
int main() { return 0; }
Determining if the function sqlite3_open exists in the sqlite3 failed with the following output:
Change Dir: /home/jeff-wang/LSM-tuning/comparedDBs/leveldb/build_release_f_10_C0_100/CMakeFiles/CMakeTmp

Run Build Command(s):/usr/bin/gmake -f Makefile cmTC_18162/fast && /usr/bin/gmake  -f CMakeFiles/cmTC_18162.dir/build.make CMakeFiles/cmTC_18162.dir/build
gmake[1]: Entering directory '/home/jeff-wang/LSM-tuning/comparedDBs/leveldb/build_release_f_10_C0_100/CMakeFiles/CMakeTmp'
Building C object CMakeFiles/cmTC_18162.dir/CheckFunctionExists.c.o
/usr/bin/cc   -Wstrict-prototypes -DCHECK_FUNCTION_EXISTS=sqlite3_open -std=c11 -o CMakeFiles/cmTC_18162.dir/CheckFunctionExists.c.o -c /usr/share/cmake-3.22/Modules/CheckFunctionExists.c
Linking C executable cmTC_18162
/usr/bin/cmake -E cmake_link_script CMakeFiles/cmTC_18162.dir/link.txt --verbose=1
/usr/bin/cc  -Wstrict-prototypes -DCHECK_FUNCTION_EXISTS=sqlite3_open CMakeFiles/cmTC_18162.dir/CheckFunctionExists.c.o -o cmTC_18162  -lsqlite3 
/usr/bin/ld: cannot find -lsqlite3: No such file or directory
collect2: error: ld returned 1 exit status
gmake[1]: *** [CMakeFiles/cmTC_18162.dir/build.make:99: cmTC_18162] Error 1
gmake[1]: Leaving directory '/home/jeff-wang/LSM-tuning/comparedDBs/leveldb/build_release_f_10_C0_100/CMakeFiles/CMakeTmp'
gmake: *** [Makefile:127: cmTC_18162/fast] Error 2



Performing C++ SOURCE FILE Test HAVE_KYOTOCABINET failed with the following output:
Change Dir: /home/jeff-wang/LSM-tuning/comparedDBs/leveldb/build_release_f_10_C0_100/CMakeFiles/CMakeTmp

Run Build Command(s):/usr/bin/gmake -f Makefile cmTC_e5cbb/fast && /usr/bin/gmake  -f CMakeFiles/cmTC_e5cbb.dir/build.make CMakeFiles/cmTC_e5cbb.dir/build
gmake[1]: Entering directory '/home/jeff-wang/LSM-tuning/comparedDBs/leveldb/build_release_f_10_C0_100/CMakeFiles/CMakeTmp'
Building CXX object CMakeFiles/cmTC_e5cbb.dir/src.cxx.o
/usr/bin/c++ -DHAVE_KYOTOCABINET  -fno-exceptions -fno-rtti  -std=c++11 -o CMakeFiles/cmTC_e5cbb.dir/src.cxx.o -c /home/jeff-wang/LSM-tuning/comparedDBs/leveldb/build_release_f_10_C0_100/CMakeFiles/CMakeTmp/src.cxx
/home/jeff-wang/LSM-tuning/comparedDBs/leveldb/build_release_f_10_C0_100/CMakeFiles/CMakeTmp/src.cxx:2:10: fatal error: kcpolydb.h: No such file or directory
    2 | #include <kcpolydb.h>
      |          ^~~~~~~~~~~~
compilation terminated.
gmake[1]: *** [CMakeFiles/cmTC_e5cbb.dir/build.make:78: CMakeFiles/cmTC_e5cbb.dir/src.cxx.o] Error 1
gmake[1]: Leaving directory '/home/jeff-wang/LSM-tuning/comparedDBs/leveldb/build_release_f_10_C0_100/CMakeFiles/CMakeTmp'
gmake: *** [Makefile:127: cmTC_e5cbb/fast] Error 2


Source file was:

#include <kcpolydb.h>

int main() {
  kyotocabinet::TreeDB* db = new kyotocabinet::TreeDB();
  delete db;
  return 0;
}
  
