Determining if the function crc32c_value exists in the crc32c failed with the following output:
Change Dir: /home/jeff-wang/LSM-tuning/SATune/release/CMakeFiles/CMakeTmp

Run Build Command(s):/usr/bin/gmake -f Makefile cmTC_a6e63/fast && /usr/bin/gmake  -f CMakeFiles/cmTC_a6e63.dir/build.make CMakeFiles/cmTC_a6e63.dir/build
gmake[1]: Entering directory '/home/jeff-wang/LSM-tuning/SATune/release/CMakeFiles/CMakeTmp'
Building C object CMakeFiles/cmTC_a6e63.dir/CheckFunctionExists.c.o
/usr/bin/cc   -DCHECK_FUNCTION_EXISTS=crc32c_value -std=c11 -o CMakeFiles/cmTC_a6e63.dir/CheckFunctionExists.c.o -c /usr/share/cmake-3.22/Modules/CheckFunctionExists.c
Linking C executable cmTC_a6e63
/usr/bin/cmake -E cmake_link_script CMakeFiles/cmTC_a6e63.dir/link.txt --verbose=1
/usr/bin/cc  -DCHECK_FUNCTION_EXISTS=crc32c_value CMakeFiles/cmTC_a6e63.dir/CheckFunctionExists.c.o -o cmTC_a6e63  -lcrc32c 
/usr/bin/ld: cannot find -lcrc32c: No such file or directory
collect2: error: ld returned 1 exit status
gmake[1]: *** [CMakeFiles/cmTC_a6e63.dir/build.make:99: cmTC_a6e63] Error 1
gmake[1]: Leaving directory '/home/jeff-wang/LSM-tuning/SATune/release/CMakeFiles/CMakeTmp'
gmake: *** [Makefile:127: cmTC_a6e63/fast] Error 2



Determining if the function zstd_compress exists in the zstd failed with the following output:
Change Dir: /home/jeff-wang/LSM-tuning/SATune/release/CMakeFiles/CMakeTmp

Run Build Command(s):/usr/bin/gmake -f Makefile cmTC_48e80/fast && /usr/bin/gmake  -f CMakeFiles/cmTC_48e80.dir/build.make CMakeFiles/cmTC_48e80.dir/build
gmake[1]: Entering directory '/home/jeff-wang/LSM-tuning/SATune/release/CMakeFiles/CMakeTmp'
Building C object CMakeFiles/cmTC_48e80.dir/CheckFunctionExists.c.o
/usr/bin/cc   -DCHECK_FUNCTION_EXISTS=zstd_compress -std=c11 -o CMakeFiles/cmTC_48e80.dir/CheckFunctionExists.c.o -c /usr/share/cmake-3.22/Modules/CheckFunctionExists.c
Linking C executable cmTC_48e80
/usr/bin/cmake -E cmake_link_script CMakeFiles/cmTC_48e80.dir/link.txt --verbose=1
/usr/bin/cc  -DCHECK_FUNCTION_EXISTS=zstd_compress CMakeFiles/cmTC_48e80.dir/CheckFunctionExists.c.o -o cmTC_48e80  -lzstd 
/usr/bin/ld: CMakeFiles/cmTC_48e80.dir/CheckFunctionExists.c.o: in function `main':
CheckFunctionExists.c:(.text+0x14): undefined reference to `zstd_compress'
collect2: error: ld returned 1 exit status
gmake[1]: *** [CMakeFiles/cmTC_48e80.dir/build.make:99: cmTC_48e80] Error 1
gmake[1]: Leaving directory '/home/jeff-wang/LSM-tuning/SATune/release/CMakeFiles/CMakeTmp'
gmake: *** [Makefile:127: cmTC_48e80/fast] Error 2



Determining if the F_FULLFSYNC exist failed with the following output:
Change Dir: /home/jeff-wang/LSM-tuning/SATune/release/CMakeFiles/CMakeTmp

Run Build Command(s):/usr/bin/gmake -f Makefile cmTC_9ae2c/fast && /usr/bin/gmake  -f CMakeFiles/cmTC_9ae2c.dir/build.make CMakeFiles/cmTC_9ae2c.dir/build
gmake[1]: Entering directory '/home/jeff-wang/LSM-tuning/SATune/release/CMakeFiles/CMakeTmp'
Building CXX object CMakeFiles/cmTC_9ae2c.dir/CheckSymbolExists.cxx.o
/usr/bin/c++   -std=c++11 -o CMakeFiles/cmTC_9ae2c.dir/CheckSymbolExists.cxx.o -c /home/jeff-wang/LSM-tuning/SATune/release/CMakeFiles/CMakeTmp/CheckSymbolExists.cxx
/home/jeff-wang/LSM-tuning/SATune/release/CMakeFiles/CMakeTmp/CheckSymbolExists.cxx: In function ‘int main(int, char**)’:
/home/jeff-wang/LSM-tuning/SATune/release/CMakeFiles/CMakeTmp/CheckSymbolExists.cxx:8:19: error: ‘F_FULLFSYNC’ was not declared in this scope
    8 |   return ((int*)(&F_FULLFSYNC))[argc];
      |                   ^~~~~~~~~~~
gmake[1]: *** [CMakeFiles/cmTC_9ae2c.dir/build.make:78: CMakeFiles/cmTC_9ae2c.dir/CheckSymbolExists.cxx.o] Error 1
gmake[1]: Leaving directory '/home/jeff-wang/LSM-tuning/SATune/release/CMakeFiles/CMakeTmp'
gmake: *** [Makefile:127: cmTC_9ae2c/fast] Error 2


File /home/jeff-wang/LSM-tuning/SATune/release/CMakeFiles/CMakeTmp/CheckSymbolExists.cxx:
/* */
#include <fcntl.h>

int main(int argc, char** argv)
{
  (void)argv;
#ifndef F_FULLFSYNC
  return ((int*)(&F_FULLFSYNC))[argc];
#else
  (void)argc;
  return 0;
#endif
}
Performing C++ SOURCE FILE Test HAVE_CLANG_THREAD_SAFETY failed with the following output:
Change Dir: /home/jeff-wang/LSM-tuning/SATune/release/CMakeFiles/CMakeTmp

Run Build Command(s):/usr/bin/gmake -f Makefile cmTC_16fdc/fast && /usr/bin/gmake  -f CMakeFiles/cmTC_16fdc.dir/build.make CMakeFiles/cmTC_16fdc.dir/build
gmake[1]: Entering directory '/home/jeff-wang/LSM-tuning/SATune/release/CMakeFiles/CMakeTmp'
Building CXX object CMakeFiles/cmTC_16fdc.dir/src.cxx.o
/usr/bin/c++ -DHAVE_CLANG_THREAD_SAFETY  -fno-exceptions -fno-rtti    -Wthread-safety -std=c++11 -o CMakeFiles/cmTC_16fdc.dir/src.cxx.o -c /home/jeff-wang/LSM-tuning/SATune/release/CMakeFiles/CMakeTmp/src.cxx
c++: error: unrecognized command-line option '-Wthread-safety'
gmake[1]: *** [CMakeFiles/cmTC_16fdc.dir/build.make:78: CMakeFiles/cmTC_16fdc.dir/src.cxx.o] Error 1
gmake[1]: Leaving directory '/home/jeff-wang/LSM-tuning/SATune/release/CMakeFiles/CMakeTmp'
gmake: *** [Makefile:127: cmTC_16fdc/fast] Error 2


Source file was:
int main() { return 0; }
Performing C++ SOURCE FILE Test HAVE_CXX_FLAG_WSHORTEN_64_TO_32 failed with the following output:
Change Dir: /home/jeff-wang/LSM-tuning/SATune/release/CMakeFiles/CMakeTmp

Run Build Command(s):/usr/bin/gmake -f Makefile cmTC_8964c/fast && /usr/bin/gmake  -f CMakeFiles/cmTC_8964c.dir/build.make CMakeFiles/cmTC_8964c.dir/build
gmake[1]: Entering directory '/home/jeff-wang/LSM-tuning/SATune/release/CMakeFiles/CMakeTmp'
Building CXX object CMakeFiles/cmTC_8964c.dir/src.cxx.o
/usr/bin/c++ -DHAVE_CXX_FLAG_WSHORTEN_64_TO_32  -fno-exceptions -fno-rtti  -Wall  -Wextra  -Wshadow  -Wfloat-equal  -Werror  -Wsuggest-override  -pedantic  -pedantic-errors  -Wshorten-64-to-32   -Wshorten-64-to-32 -std=c++11 -o CMakeFiles/cmTC_8964c.dir/src.cxx.o -c /home/jeff-wang/LSM-tuning/SATune/release/CMakeFiles/CMakeTmp/src.cxx
c++: error: unrecognized command-line option '-Wshorten-64-to-32'
c++: error: unrecognized command-line option '-Wshorten-64-to-32'
gmake[1]: *** [CMakeFiles/cmTC_8964c.dir/build.make:78: CMakeFiles/cmTC_8964c.dir/src.cxx.o] Error 1
gmake[1]: Leaving directory '/home/jeff-wang/LSM-tuning/SATune/release/CMakeFiles/CMakeTmp'
gmake: *** [Makefile:127: cmTC_8964c/fast] Error 2


Source file was:
int main() { return 0; }
Performing C++ SOURCE FILE Test HAVE_CXX_FLAG_WD654 failed with the following output:
Change Dir: /home/jeff-wang/LSM-tuning/SATune/release/CMakeFiles/CMakeTmp

Run Build Command(s):/usr/bin/gmake -f Makefile cmTC_b3a22/fast && /usr/bin/gmake  -f CMakeFiles/cmTC_b3a22.dir/build.make CMakeFiles/cmTC_b3a22.dir/build
gmake[1]: Entering directory '/home/jeff-wang/LSM-tuning/SATune/release/CMakeFiles/CMakeTmp'
Building CXX object CMakeFiles/cmTC_b3a22.dir/src.cxx.o
/usr/bin/c++ -DHAVE_CXX_FLAG_WD654  -fno-exceptions -fno-rtti  -Wall  -Wextra  -Wshadow  -Wfloat-equal  -Werror  -Wsuggest-override  -pedantic  -pedantic-errors  -fstrict-aliasing  -Wno-deprecated-declarations  -Wno-deprecated  -fno-exceptions  -Wstrict-aliasing  -wd654   -wd654 -std=c++11 -o CMakeFiles/cmTC_b3a22.dir/src.cxx.o -c /home/jeff-wang/LSM-tuning/SATune/release/CMakeFiles/CMakeTmp/src.cxx
c++: error: unrecognized command-line option '-wd654'
c++: error: unrecognized command-line option '-wd654'
gmake[1]: *** [CMakeFiles/cmTC_b3a22.dir/build.make:78: CMakeFiles/cmTC_b3a22.dir/src.cxx.o] Error 1
gmake[1]: Leaving directory '/home/jeff-wang/LSM-tuning/SATune/release/CMakeFiles/CMakeTmp'
gmake: *** [Makefile:127: cmTC_b3a22/fast] Error 2


Source file was:
int main() { return 0; }
Performing C++ SOURCE FILE Test HAVE_CXX_FLAG_WTHREAD_SAFETY failed with the following output:
Change Dir: /home/jeff-wang/LSM-tuning/SATune/release/CMakeFiles/CMakeTmp

Run Build Command(s):/usr/bin/gmake -f Makefile cmTC_e2514/fast && /usr/bin/gmake  -f CMakeFiles/cmTC_e2514.dir/build.make CMakeFiles/cmTC_e2514.dir/build
gmake[1]: Entering directory '/home/jeff-wang/LSM-tuning/SATune/release/CMakeFiles/CMakeTmp'
Building CXX object CMakeFiles/cmTC_e2514.dir/src.cxx.o
/usr/bin/c++ -DHAVE_CXX_FLAG_WTHREAD_SAFETY  -fno-exceptions -fno-rtti  -Wall  -Wextra  -Wshadow  -Wfloat-equal  -Werror  -Wsuggest-override  -pedantic  -pedantic-errors  -fstrict-aliasing  -Wno-deprecated-declarations  -Wno-deprecated  -fno-exceptions  -Wstrict-aliasing  -Wthread-safety   -Wthread-safety -std=c++11 -o CMakeFiles/cmTC_e2514.dir/src.cxx.o -c /home/jeff-wang/LSM-tuning/SATune/release/CMakeFiles/CMakeTmp/src.cxx
c++: error: unrecognized command-line option '-Wthread-safety'
c++: error: unrecognized command-line option '-Wthread-safety'
gmake[1]: *** [CMakeFiles/cmTC_e2514.dir/build.make:78: CMakeFiles/cmTC_e2514.dir/src.cxx.o] Error 1
gmake[1]: Leaving directory '/home/jeff-wang/LSM-tuning/SATune/release/CMakeFiles/CMakeTmp'
gmake: *** [Makefile:127: cmTC_e2514/fast] Error 2


Source file was:
int main() { return 0; }
Determining if the function sqlite3_open exists in the sqlite3 failed with the following output:
Change Dir: /home/jeff-wang/LSM-tuning/SATune/release/CMakeFiles/CMakeTmp

Run Build Command(s):/usr/bin/gmake -f Makefile cmTC_42755/fast && /usr/bin/gmake  -f CMakeFiles/cmTC_42755.dir/build.make CMakeFiles/cmTC_42755.dir/build
gmake[1]: Entering directory '/home/jeff-wang/LSM-tuning/SATune/release/CMakeFiles/CMakeTmp'
Building C object CMakeFiles/cmTC_42755.dir/CheckFunctionExists.c.o
/usr/bin/cc   -Wstrict-prototypes -DCHECK_FUNCTION_EXISTS=sqlite3_open -std=c11 -o CMakeFiles/cmTC_42755.dir/CheckFunctionExists.c.o -c /usr/share/cmake-3.22/Modules/CheckFunctionExists.c
Linking C executable cmTC_42755
/usr/bin/cmake -E cmake_link_script CMakeFiles/cmTC_42755.dir/link.txt --verbose=1
/usr/bin/cc  -Wstrict-prototypes -DCHECK_FUNCTION_EXISTS=sqlite3_open CMakeFiles/cmTC_42755.dir/CheckFunctionExists.c.o -o cmTC_42755  -lsqlite3 
/usr/bin/ld: cannot find -lsqlite3: No such file or directory
collect2: error: ld returned 1 exit status
gmake[1]: *** [CMakeFiles/cmTC_42755.dir/build.make:99: cmTC_42755] Error 1
gmake[1]: Leaving directory '/home/jeff-wang/LSM-tuning/SATune/release/CMakeFiles/CMakeTmp'
gmake: *** [Makefile:127: cmTC_42755/fast] Error 2



Performing C++ SOURCE FILE Test HAVE_KYOTOCABINET failed with the following output:
Change Dir: /home/jeff-wang/LSM-tuning/SATune/release/CMakeFiles/CMakeTmp

Run Build Command(s):/usr/bin/gmake -f Makefile cmTC_f3595/fast && /usr/bin/gmake  -f CMakeFiles/cmTC_f3595.dir/build.make CMakeFiles/cmTC_f3595.dir/build
gmake[1]: Entering directory '/home/jeff-wang/LSM-tuning/SATune/release/CMakeFiles/CMakeTmp'
Building CXX object CMakeFiles/cmTC_f3595.dir/src.cxx.o
/usr/bin/c++ -DHAVE_KYOTOCABINET  -fno-exceptions -fno-rtti  -std=c++11 -o CMakeFiles/cmTC_f3595.dir/src.cxx.o -c /home/jeff-wang/LSM-tuning/SATune/release/CMakeFiles/CMakeTmp/src.cxx
/home/jeff-wang/LSM-tuning/SATune/release/CMakeFiles/CMakeTmp/src.cxx:2:10: fatal error: kcpolydb.h: No such file or directory
    2 | #include <kcpolydb.h>
      |          ^~~~~~~~~~~~
compilation terminated.
gmake[1]: *** [CMakeFiles/cmTC_f3595.dir/build.make:78: CMakeFiles/cmTC_f3595.dir/src.cxx.o] Error 1
gmake[1]: Leaving directory '/home/jeff-wang/LSM-tuning/SATune/release/CMakeFiles/CMakeTmp'
gmake: *** [Makefile:127: cmTC_f3595/fast] Error 2


Source file was:

#include <kcpolydb.h>

int main() {
  kyotocabinet::TreeDB* db = new kyotocabinet::TreeDB();
  delete db;
  return 0;
}
  
